#1 [internal] load local bake definitions
#1 reading from stdin 996B done
#1 DONE 0.0s

#2 [internal] load build definition from Dockerfile
#2 transferring dockerfile: 1.52kB done
#2 DONE 0.0s

#3 [internal] load metadata for docker.io/library/node:18-alpine
#3 DONE 0.5s

#4 [internal] load metadata for docker.io/library/nginx:1.25-alpine
#4 DONE 0.5s

#5 [internal] load .dockerignore
#5 transferring context: 2B done
#5 DONE 0.0s

#6 [builder 1/6] FROM docker.io/library/node:18-alpine@sha256:8d6421d663b4c28fd3ebc498332f249011d118945588d0a35cb9bc4b8ca09d9e
#6 DONE 0.0s

#7 [stage-1 1/5] FROM docker.io/library/nginx:1.25-alpine@sha256:516475cc129da42866742567714ddc681e5eed7b9ee0b9e9c015e464b4221a00
#7 CACHED

#8 [internal] load build context
#8 transferring context: 2.67kB done
#8 DONE 0.0s

#9 [builder 3/6] COPY package*.json ./
#9 CACHED

#10 [builder 2/6] WORKDIR /app
#10 CACHED

#11 [builder 4/6] RUN npm install --legacy-peer-deps &&     npm cache clean --force
#11 CACHED

#12 [builder 5/6] COPY . .
#12 CACHED

#13 [builder 6/6] RUN npm run build
#13 0.466 
#13 0.466 > channel-management-frontend@0.1.0 build
#13 0.466 > react-scripts build
#13 0.466 
#13 2.706 Creating an optimized production build...
#13 39.98 Failed to compile.
#13 39.98 
#13 39.98 TS2339: Property 'checked' does not exist on type 'EventTarget & (HTMLInputElement | HTMLSelectElement)'.
#13 39.98   Property 'checked' does not exist on type 'EventTarget & HTMLSelectElement'.
#13 39.98     122 |       setEditFormValues((prev) => ({
#13 39.98     123 |         ...prev,
#13 39.98   > 124 |         [name]: event.target.checked,
#13 39.98         |                              ^^^^^^^
#13 39.98     125 |       }));
#13 39.98     126 |       return;
#13 39.98     127 |     }
#13 39.98 
#13 39.98 
#13 ERROR: process "/bin/sh -c npm run build" did not complete successfully: exit code: 1
------
 > [builder 6/6] RUN npm run build:
39.98   Property 'checked' does not exist on type 'EventTarget & HTMLSelectElement'.
39.98     122 |       setEditFormValues((prev) => ({
39.98     123 |         ...prev,
39.98   > 124 |         [name]: event.target.checked,
39.98         |                              ^^^^^^^
39.98     125 |       }));
39.98     126 |       return;
39.98     127 |     }
39.98 
39.98 
------
